[2024-05-12 20:02:24,293] 25 root - INFO - Data ingestion started
[2024-05-12 20:02:24,468] 28 root - INFO - Dataset read as pandas dataframe
[2024-05-12 20:02:24,533] 30 root - INFO - Dropping the duplicate records from the dataset
[2024-05-12 20:02:24,926] 36 root - INFO - Train-Test split
[2024-05-12 20:02:25,295] 40 root - INFO - Data ingestion has been completed
[2024-05-12 20:02:25,461] 64 root - INFO - train and test data has been read successfully
[2024-05-12 20:02:25,462] 25 root - INFO - Data Transformation Started and getting Preprocessor object
[2024-05-12 20:02:25,462] 31 root - INFO - Pipeline initiated
[2024-05-12 20:02:25,462] 51 root - INFO - Pipeline completed successfully
[2024-05-12 20:02:25,484] 71 root - INFO - Mapping the target classes
[2024-05-12 20:02:25,509] 75 root - INFO - Replaced ? with NaN
[2024-05-12 20:02:25,520] 77 root - INFO - Train dataframe head: 
   age workclass  fnlwgt     education  education-num      marital-status        occupation   relationship   race     sex  capital-gain  capital-loss  hours-per-week        country  salary
0   36   Private  127573       HS-grad              9           Separated      Adm-clerical  Not-in-family  White  Female             0             0              38  United-States       0
1   52   Private  114228       HS-grad              9            Divorced      Craft-repair  Not-in-family  White    Male          3325             0              40  United-States       0
2   34   Private  209808  Some-college             10  Married-civ-spouse      Adm-clerical        Husband  White    Male             0             0              40  United-States       1
3   54   Private  183248       HS-grad              9            Divorced  Transport-moving  Not-in-family  Black    Male             0             0              40  United-States       0
4   30   Private   83253       HS-grad              9  Married-civ-spouse    Prof-specialty        Husband  White    Male             0             0              55  United-States       0
[2024-05-12 20:02:25,526] 78 root - INFO - Test dataframe head: 
   age    workclass  fnlwgt     education  education-num      marital-status       occupation   relationship                race   sex  capital-gain  capital-loss  hours-per-week        country  salary
0   31    State-gov   33308     Assoc-voc             11  Married-civ-spouse     Craft-repair        Husband               White  Male             0             0              40  United-States       0
1   24  Federal-gov  130534     Bachelors             13       Never-married  Exec-managerial  Not-in-family               White  Male             0             0              40  United-States       0
2   60    Local-gov   98350  Some-college             10  Married-civ-spouse    Other-service        Husband  Asian-Pac-Islander  Male             0             0              60    Philippines       0
3   31      Private  398988  Some-college             10       Never-married  Exec-managerial  Not-in-family               White  Male             0             0              40  United-States       0
4   43  Federal-gov  144778     Bachelors             13       Never-married  Exec-managerial  Not-in-family               White  Male             0             0              40  United-States       1
[2024-05-12 20:02:25,771] 93 root - INFO - Applying preprocessing object on training and testing dataset
[2024-05-12 20:02:25,787] 102 root - INFO - Preprocessor pickle file saved
[2024-05-12 20:02:25,791] 25 root - INFO - Initiating model training
[2024-05-12 20:02:25,791] 26 root - INFO - Performing Train-Test-Split
[2024-05-12 20:02:26,025] 41 root - INFO - Model name: Logistic regression, Accuracy score: 0.854179471419791
[2024-05-12 20:02:26,028] 46 root - INFO - Classification report:               precision    recall  f1-score   support

         0.0       0.88      0.93      0.91      4905
         1.0       0.74      0.62      0.68      1603

    accuracy                           0.85      6508
   macro avg       0.81      0.78      0.79      6508
weighted avg       0.85      0.85      0.85      6508

